<?xml version="1.0" encoding="UTF-8"?>
<coverage generated="1747642311227" clover="3.2.0">
  <project timestamp="1747642311227" name="All files">
    <metrics statements="22" coveredstatements="20" conditionals="21" coveredconditionals="11" methods="5" coveredmethods="5" elements="48" coveredelements="36" complexity="0" loc="22" ncloc="22" packages="1" files="1" classes="1"/>
    <file name="mapToNavitaireRequest.ts" path="/Users/aritrathakurta/Desktop/unittest/src/mapToNavitaireRequest.ts">
      <metrics statements="22" coveredstatements="20" conditionals="21" coveredconditionals="11" methods="5" coveredmethods="5"/>
      <line num="34" count="1" type="stmt"/>
      <line num="35" count="1" type="stmt"/>
      <line num="39" count="2" type="stmt"/>
      <line num="40" count="2" type="stmt"/>
      <line num="41" count="2" type="stmt"/>
      <line num="42" count="2" type="stmt"/>
      <line num="45" count="1" type="stmt"/>
      <line num="48" count="2" type="cond" truecount="0" falsecount="1"/>
      <line num="49" count="0" type="stmt"/>
      <line num="52" count="2" type="cond" truecount="2" falsecount="0"/>
      <line num="54" count="2" type="cond" truecount="1" falsecount="1"/>
      <line num="56" count="2" type="cond" truecount="1" falsecount="0"/>
      <line num="57" count="1" type="stmt"/>
      <line num="60" count="1" type="stmt"/>
      <line num="61" count="1" type="cond" truecount="0" falsecount="1"/>
      <line num="62" count="0" type="stmt"/>
      <line num="65" count="1" type="stmt"/>
      <line num="66" count="1" type="stmt"/>
      <line num="68" count="1" type="stmt"/>
      <line num="77" count="1" type="stmt"/>
      <line num="80" count="1" type="stmt"/>
      <line num="87" count="1" type="stmt"/>
    </file>
  </project>
</coverage>
