{"/Users/aritrathakurta/Desktop/unittest/src/mapToNavitaireRequest.ts": {"path":"/Users/aritrathakurta/Desktop/unittest/src/mapToNavitaireRequest.ts","statementMap":{"0":{"start":{"line":45,"column":2},"end":{"line":45,"column":18}},"1":{"start":{"line":34,"column":31},"end":{"line":34,"column":61}},"2":{"start":{"line":35,"column":4},"end":{"line":35,"column":42}},"3":{"start":{"line":39,"column":16},"end":{"line":39,"column":55}},"4":{"start":{"line":40,"column":18},"end":{"line":40,"column":62}},"5":{"start":{"line":41,"column":17},"end":{"line":41,"column":35}},"6":{"start":{"line":42,"column":4},"end":{"line":42,"column":37}},"7":{"start":{"line":48,"column":4},"end":{"line":50,"column":5}},"8":{"start":{"line":49,"column":6},"end":{"line":49,"column":60}},"9":{"start":{"line":52,"column":21},"end":{"line":52,"column":73}},"10":{"start":{"line":54,"column":21},"end":{"line":75,"column":10}},"11":{"start":{"line":56,"column":10},"end":{"line":58,"column":11}},"12":{"start":{"line":57,"column":12},"end":{"line":57,"column":81}},"13":{"start":{"line":60,"column":24},"end":{"line":60,"column":56}},"14":{"start":{"line":61,"column":10},"end":{"line":63,"column":11}},"15":{"start":{"line":62,"column":12},"end":{"line":62,"column":106}},"16":{"start":{"line":65,"column":22},"end":{"line":65,"column":37}},"17":{"start":{"line":66,"column":10},"end":{"line":66,"column":42}},"18":{"start":{"line":68,"column":10},"end":{"line":73,"column":12}},"19":{"start":{"line":77,"column":23},"end":{"line":85,"column":6}},"20":{"start":{"line":80,"column":55},"end":{"line":83,"column":12}},"21":{"start":{"line":87,"column":4},"end":{"line":94,"column":6}}},"fnMap":{"0":{"name":"parseDDMMYYYY","decl":{"start":{"line":33,"column":11},"end":{"line":33,"column":24}},"loc":{"start":{"line":33,"column":40},"end":{"line":36,"column":3}}},"1":{"name":"formatToDDMMYYYY","decl":{"start":{"line":38,"column":11},"end":{"line":38,"column":27}},"loc":{"start":{"line":38,"column":38},"end":{"line":43,"column":3}}},"2":{"name":"mapToNavitaireRequest","decl":{"start":{"line":45,"column":18},"end":{"line":45,"column":39}},"loc":{"start":{"line":46,"column":62},"end":{"line":95,"column":3}}},"3":{"name":"(anonymous_3)","decl":{"start":{"line":55,"column":37},"end":{"line":55,"column":38}},"loc":{"start":{"line":55,"column":48},"end":{"line":74,"column":9}}},"4":{"name":"(anonymous_4)","decl":{"start":{"line":80,"column":47},"end":{"line":80,"column":48}},"loc":{"start":{"line":80,"column":55},"end":{"line":83,"column":12}}}},"branchMap":{"0":{"loc":{"start":{"line":48,"column":4},"end":{"line":50,"column":5}},"type":"if","locations":[{"start":{"line":48,"column":4},"end":{"line":50,"column":5}}]},"1":{"loc":{"start":{"line":52,"column":21},"end":{"line":52,"column":73}},"type":"binary-expr","locations":[{"start":{"line":52,"column":21},"end":{"line":52,"column":64}},{"start":{"line":52,"column":68},"end":{"line":52,"column":73}}]},"2":{"loc":{"start":{"line":54,"column":21},"end":{"line":75,"column":10}},"type":"cond-expr","locations":[{"start":{"line":55,"column":8},"end":{"line":74,"column":10}},{"start":{"line":75,"column":8},"end":{"line":75,"column":10}}]},"3":{"loc":{"start":{"line":56,"column":10},"end":{"line":58,"column":11}},"type":"if","locations":[{"start":{"line":56,"column":10},"end":{"line":58,"column":11}}]},"4":{"loc":{"start":{"line":61,"column":10},"end":{"line":63,"column":11}},"type":"if","locations":[{"start":{"line":61,"column":10},"end":{"line":63,"column":11}}]},"5":{"loc":{"start":{"line":71,"column":32},"end":{"line":71,"column":68}},"type":"binary-expr","locations":[{"start":{"line":71,"column":32},"end":{"line":71,"column":62}},{"start":{"line":71,"column":66},"end":{"line":71,"column":68}}]},"6":{"loc":{"start":{"line":72,"column":37},"end":{"line":72,"column":78}},"type":"binary-expr","locations":[{"start":{"line":72,"column":37},"end":{"line":72,"column":72}},{"start":{"line":72,"column":76},"end":{"line":72,"column":78}}]},"7":{"loc":{"start":{"line":78,"column":23},"end":{"line":78,"column":80}},"type":"binary-expr","locations":[{"start":{"line":78,"column":23},"end":{"line":78,"column":74}},{"start":{"line":78,"column":78},"end":{"line":78,"column":80}}]},"8":{"loc":{"start":{"line":79,"column":13},"end":{"line":84,"column":12}},"type":"cond-expr","locations":[{"start":{"line":80,"column":10},"end":{"line":83,"column":13}},{"start":{"line":84,"column":10},"end":{"line":84,"column":12}}]},"9":{"loc":{"start":{"line":81,"column":18},"end":{"line":81,"column":31}},"type":"binary-expr","locations":[{"start":{"line":81,"column":18},"end":{"line":81,"column":25}},{"start":{"line":81,"column":29},"end":{"line":81,"column":31}}]},"10":{"loc":{"start":{"line":82,"column":19},"end":{"line":82,"column":60}},"type":"cond-expr","locations":[{"start":{"line":82,"column":30},"end":{"line":82,"column":56}},{"start":{"line":82,"column":59},"end":{"line":82,"column":60}}]},"11":{"loc":{"start":{"line":82,"column":30},"end":{"line":82,"column":56}},"type":"binary-expr","locations":[{"start":{"line":82,"column":30},"end":{"line":82,"column":51}},{"start":{"line":82,"column":55},"end":{"line":82,"column":56}}]}},"s":{"0":1,"1":1,"2":1,"3":2,"4":2,"5":2,"6":2,"7":2,"8":0,"9":2,"10":2,"11":2,"12":1,"13":1,"14":1,"15":0,"16":1,"17":1,"18":1,"19":1,"20":1,"21":1},"f":{"0":1,"1":2,"2":2,"3":2,"4":1},"b":{"0":[0],"1":[2,1],"2":[2,0],"3":[1],"4":[0],"5":[1,0],"6":[1,0],"7":[1,0],"8":[1,0],"9":[1,0],"10":[1,0],"11":[1,0]}}
}
