TN:
SF:src/mapToNavitaireRequest.ts
FN:33,parseDDMMYYYY
FN:38,formatToDDMMYYYY
FN:45,mapToNavitaireRequest
FN:55,(anonymous_3)
FN:80,(anonymous_4)
FNF:5
FNH:5
FNDA:1,parseDDMMYYYY
FNDA:2,formatToDDMMYYYY
FNDA:2,mapToNavitaireRequest
FNDA:2,(anonymous_3)
FNDA:1,(anonymous_4)
DA:34,1
DA:35,1
DA:39,2
DA:40,2
DA:41,2
DA:42,2
DA:45,1
DA:48,2
DA:49,0
DA:52,2
DA:54,2
DA:56,2
DA:57,1
DA:60,1
DA:61,1
DA:62,0
DA:65,1
DA:66,1
DA:68,1
DA:77,1
DA:80,1
DA:87,1
LF:22
LH:20
BRDA:48,0,0,0
BRDA:52,1,0,2
BRDA:52,1,1,1
BRDA:54,2,0,2
BRDA:54,2,1,0
BRDA:56,3,0,1
BRDA:61,4,0,0
BRDA:71,5,0,1
BRDA:71,5,1,0
BRDA:72,6,0,1
BRDA:72,6,1,0
BRDA:78,7,0,1
BRDA:78,7,1,0
BRDA:79,8,0,1
BRDA:79,8,1,0
BRDA:81,9,0,1
BRDA:81,9,1,0
BRDA:82,10,0,1
BRDA:82,10,1,0
BRDA:82,11,0,1
BRDA:82,11,1,0
BRF:21
BRH:11
end_of_record
